./smart-pools/PV2SmartPool.sol
./ReentryProtection.sol
./storage/OwnableStorage.sol
./storage/PBasicSmartPoolStorage.sol
./storage/ReentryProtectionStorage.sol
./storage/PCappedSmartPoolStorage.sol
./storage/PV2SmartPoolStorage.sol
./storage/PCTokenStorage.sol
./Facet/DiamondCutFacet.sol
./Facet/AdminFacet.sol
./Facet/TokenWeightFacet.sol
./Facet/ViewFacet.sol
./Facet/InitFacet.sol
./Facet/PoolEntryFacet.sol
./Facet/PoolExitFacet.sol
./Facet/DiamondLoupeFacet.sol
./test/TestLibSafeApprove.sol
./test/TestPCToken.sol
./test/TestReentryProtection.sol
./PCToken.sol
./factory/PProxiedFactory.sol
./libraries/LibFees.sol
./libraries/LibPoolEntryExit.sol
./libraries/Math.sol
./libraries/LibUnderlying.sol
./libraries/LibWeights.sol
./libraries/LibConst.sol
./libraries/LibDiamond.sol
./libraries/LibPoolEntryJoin.sol
./libraries/LibSafeApprove.sol
./libraries/LibAddRemoveToken.sol
./libraries/LibPoolMath.sol
./libraries/LibPoolToken.sol
./Migrations.sol
./interfaces/IBFactory.sol
./interfaces/IERC165.sol
./interfaces/IDiamondLoupe.sol
./interfaces/IDiamondCut.sol
./interfaces/IERC173.sol
./interfaces/IBPool.sol
./interfaces/IPV2SmartPool.sol
./interfaces/IERC20.sol
./upgradeInitializers/DiamondInit.sol
./Ownable.sol
./module/proxy/contracts/PProxy.sol
./module/proxy/contracts/PProxyOverrideablePausable.sol
./module/proxy/contracts/PProxyPausable.sol
./module/proxy/contracts/test/TestOverrides.sol
./module/proxy/contracts/test/TestImplementation.sol
./module/proxy/contracts/interfaces/IPProxyOverrides.sol
./module/proxy/contracts/PProxyOverrideable.sol
./module/proxy/contracts/PProxyStorage.sol