Traceback (most recent call last):
  File "/usr/local/lib/python3.6/dist-packages/slither/__main__.py", line 743, in main_impl
    ) = process_all(filename, args, detector_classes, printer_classes)
  File "/usr/local/lib/python3.6/dist-packages/slither/__main__.py", line 73, in process_all
    compilations = compile_all(target, **vars(args))
  File "/usr/local/lib/python3.6/dist-packages/crytic_compile/crytic_compile.py", line 637, in compile_all
    compilations.append(CryticCompile(target, **kwargs))
  File "/usr/local/lib/python3.6/dist-packages/crytic_compile/crytic_compile.py", line 117, in __init__
    self._compile(**kwargs)
  File "/usr/local/lib/python3.6/dist-packages/crytic_compile/crytic_compile.py", line 548, in _compile
    self._platform.compile(self, **kwargs)
  File "/usr/local/lib/python3.6/dist-packages/crytic_compile/platform/etherscan.py", line 331, in compile
    solc_standard_json.standalone_compile(filenames, compilation_unit, working_dir=working_dir)
  File "/usr/local/lib/python3.6/dist-packages/crytic_compile/platform/solc_standard_json.py", line 68, in standalone_compile
    working_dir=working_dir,
  File "/usr/local/lib/python3.6/dist-packages/crytic_compile/platform/solc_standard_json.py", line 176, in run_solc_standard_json
    raise InvalidCompilation(solc_exception_str)
crytic_compile.platform.exceptions.InvalidCompilation: Warning: @pooltogether/fixed-point/contracts/FixedPoint.sol: Warning: SPDX license identifier not provided in source file. Before publishing, consider adding a comment containing "SPDX-License-Identifier: <SPDX-License>" to each source file. Use "SPDX-License-Identifier: UNLICENSED" for non-open-source code. Please see https://spdx.org for more information.

Warning: @pooltogether/uniform-random-number/contracts/UniformRandomNumber.sol: Warning: SPDX license identifier not provided in source file. Before publishing, consider adding a comment containing "SPDX-License-Identifier: <SPDX-License>" to each source file. Use "SPDX-License-Identifier: UNLICENSED" for non-open-source code. Please see https://spdx.org for more information.

Warning: contracts/SortitionSumTreeFactory.sol: Warning: SPDX license identifier not provided in source file. Before publishing, consider adding a comment containing "SPDX-License-Identifier: <SPDX-License>" to each source file. Use "SPDX-License-Identifier: UNLICENSED" for non-open-source code. Please see https://spdx.org for more information.

Warning: contracts/external/openzeppelin/ProxyFactory.sol: Warning: SPDX license identifier not provided in source file. Before publishing, consider adding a comment containing "SPDX-License-Identifier: <SPDX-License>" to each source file. Use "SPDX-License-Identifier: UNLICENSED" for non-open-source code. Please see https://spdx.org for more information.

Warning: contracts/test/BeforeAwardListenerStub.sol: Warning: SPDX license identifier not provided in source file. Before publishing, consider adding a comment containing "SPDX-License-Identifier: <SPDX-License>" to each source file. Use "SPDX-License-Identifier: UNLICENSED" for non-open-source code. Please see https://spdx.org for more information.

Warning: contracts/test/CTokenMock.sol: Warning: SPDX license identifier not provided in source file. Before publishing, consider adding a comment containing "SPDX-License-Identifier: <SPDX-License>" to each source file. Use "SPDX-License-Identifier: UNLICENSED" for non-open-source code. Please see https://spdx.org for more information.

Warning: contracts/test/CompoundPrizePoolHarness.sol: Warning: SPDX license identifier not provided in source file. Before publishing, consider adding a comment containing "SPDX-License-Identifier: <SPDX-License>" to each source file. Use "SPDX-License-Identifier: UNLICENSED" for non-open-source code. Please see https://spdx.org for more information.

Warning: contracts/test/CompoundPrizePoolHarnessProxyFactory.sol: Warning: SPDX license identifier not provided in source file. Before publishing, consider adding a comment containing "SPDX-License-Identifier: <SPDX-License>" to each source file. Use "SPDX-License-Identifier: UNLICENSED" for non-open-source code. Please see https://spdx.org for more information.

Warning: contracts/test/ERC20Mintable.sol: Warning: SPDX license identifier not provided in source file. Before publishing, consider adding a comment containing "SPDX-License-Identifier: <SPDX-License>" to each source file. Use "SPDX-License-Identifier: UNLICENSED" for non-open-source code. Please see https://spdx.org for more information.

Warning: contracts/test/ERC721Mintable.sol: Warning: SPDX license identifier not provided in source file. Before publishing, consider adding a comment containing "SPDX-License-Identifier: <SPDX-License>" to each source file. Use "SPDX-License-Identifier: UNLICENSED" for non-open-source code. Please see https://spdx.org for more information.

Warning: contracts/test/ExtendedSafeCastExposed.sol: Warning: SPDX license identifier not provided in source file. Before publishing, consider adding a comment containing "SPDX-License-Identifier: <SPDX-License>" to each source file. Use "SPDX-License-Identifier: UNLICENSED" for non-open-source code. Please see https://spdx.org for more information.

Warning: contracts/test/MappedSinglyLinkedListExposed.sol: Warning: SPDX license identifier not provided in source file. Before publishing, consider adding a comment containing "SPDX-License-Identifier: <SPDX-License>" to each source file. Use "SPDX-License-Identifier: UNLICENSED" for non-open-source code. Please see https://spdx.org for more information.

Warning: contracts/test/NFT.sol: Warning: SPDX license identifier not provided in source file. Before publishing, consider adding a comment containing "SPDX-License-Identifier: <SPDX-License>" to each source file. Use "SPDX-License-Identifier: UNLICENSED" for non-open-source code. Please see https://spdx.org for more information.

Warning: contracts/test/PeriodicPrizeStrategyDistributorInterface.sol: Warning: SPDX license identifier not provided in source file. Before publishing, consider adding a comment containing "SPDX-License-Identifier: <SPDX-License>" to each source file. Use "SPDX-License-Identifier: UNLICENSED" for non-open-source code. Please see https://spdx.org for more information.

Warning: contracts/test/PeriodicPrizeStrategyHarness.sol: Warning: SPDX license identifier not provided in source file. Before publishing, consider adding a comment containing "SPDX-License-Identifier: <SPDX-License>" to each source file. Use "SPDX-License-Identifier: UNLICENSED" for non-open-source code. Please see https://spdx.org for more information.

Warning: contracts/test/PeriodicPrizeStrategyListenerStub.sol: Warning: SPDX license identifier not provided in source file. Before publishing, consider adding a comment containing "SPDX-License-Identifier: <SPDX-License>" to each source file. Use "SPDX-License-Identifier: UNLICENSED" for non-open-source code. Please see https://spdx.org for more information.

Warning: contracts/test/PrizePoolHarness.sol: Warning: SPDX license identifier not provided in source file. Before publishing, consider adding a comment containing "SPDX-License-Identifier: <SPDX-License>" to each source file. Use "SPDX-License-Identifier: UNLICENSED" for non-open-source code. Please see https://spdx.org for more information.

Warning: contracts/test/RNGServiceMock.sol: Warning: SPDX license identifier not provided in source file. Before publishing, consider adding a comment containing "SPDX-License-Identifier: <SPDX-License>" to each source file. Use "SPDX-License-Identifier: UNLICENSED" for non-open-source code. Please see https://spdx.org for more information.

Warning: contracts/test/StakePrizePoolHarness.sol: Warning: SPDX license identifier not provided in source file. Before publishing, consider adding a comment containing "SPDX-License-Identifier: <SPDX-License>" to each source file. Use "SPDX-License-Identifier: UNLICENSED" for non-open-source code. Please see https://spdx.org for more information.

Warning: contracts/test/StakePrizePoolHarnessProxyFactory.sol: Warning: SPDX license identifier not provided in source file. Before publishing, consider adding a comment containing "SPDX-License-Identifier: <SPDX-License>" to each source file. Use "SPDX-License-Identifier: UNLICENSED" for non-open-source code. Please see https://spdx.org for more information.

Warning: contracts/test/TokenFaucetHarness.sol: Warning: SPDX license identifier not provided in source file. Before publishing, consider adding a comment containing "SPDX-License-Identifier: <SPDX-License>" to each source file. Use "SPDX-License-Identifier: UNLICENSED" for non-open-source code. Please see https://spdx.org for more information.

Warning: contracts/test/YieldSourcePrizePoolHarness.sol: Warning: SPDX license identifier not provided in source file. Before publishing, consider adding a comment containing "SPDX-License-Identifier: <SPDX-License>" to each source file. Use "SPDX-License-Identifier: UNLICENSED" for non-open-source code. Please see https://spdx.org for more information.

Warning: contracts/test/YieldSourcePrizePoolHarnessProxyFactory.sol: Warning: SPDX license identifier not provided in source file. Before publishing, consider adding a comment containing "SPDX-License-Identifier: <SPDX-License>" to each source file. Use "SPDX-License-Identifier: UNLICENSED" for non-open-source code. Please see https://spdx.org for more information.

Warning: contracts/test/YieldSourceStub.sol: Warning: SPDX license identifier not provided in source file. Before publishing, consider adding a comment containing "SPDX-License-Identifier: <SPDX-License>" to each source file. Use "SPDX-License-Identifier: UNLICENSED" for non-open-source code. Please see https://spdx.org for more information.

ParserError: contracts/token/Ticket.sol:5:1: ParserError: Source "sortition-sum-tree-factory/contracts/SortitionSumTreeFactory.sol" not found: File not found.
import "sortition-sum-tree-factory/contracts/SortitionSumTreeFactory.sol";
^------------------------------------------------------------------------^

Warning: contracts/token/TokenListener.sol: Warning: SPDX license identifier not provided in source file. Before publishing, consider adding a comment containing "SPDX-License-Identifier: <SPDX-License>" to each source file. Use "SPDX-License-Identifier: UNLICENSED" for non-open-source code. Please see https://spdx.org for more information.

Warning: contracts/token/TokenListenerLibrary.sol: Warning: SPDX license identifier not provided in source file. Before publishing, consider adding a comment containing "SPDX-License-Identifier: <SPDX-License>" to each source file. Use "SPDX-License-Identifier: UNLICENSED" for non-open-source code. Please see https://spdx.org for more information.


None
Error in bsc:0x5739f9F8C9Fc9854a5B6f3667a6fB14144DC40A7
Traceback (most recent call last):
  File "/usr/local/lib/python3.6/dist-packages/slither/__main__.py", line 743, in main_impl
    ) = process_all(filename, args, detector_classes, printer_classes)
  File "/usr/local/lib/python3.6/dist-packages/slither/__main__.py", line 73, in process_all
    compilations = compile_all(target, **vars(args))
  File "/usr/local/lib/python3.6/dist-packages/crytic_compile/crytic_compile.py", line 637, in compile_all
    compilations.append(CryticCompile(target, **kwargs))
  File "/usr/local/lib/python3.6/dist-packages/crytic_compile/crytic_compile.py", line 117, in __init__
    self._compile(**kwargs)
  File "/usr/local/lib/python3.6/dist-packages/crytic_compile/crytic_compile.py", line 548, in _compile
    self._platform.compile(self, **kwargs)
  File "/usr/local/lib/python3.6/dist-packages/crytic_compile/platform/etherscan.py", line 331, in compile
    solc_standard_json.standalone_compile(filenames, compilation_unit, working_dir=working_dir)
  File "/usr/local/lib/python3.6/dist-packages/crytic_compile/platform/solc_standard_json.py", line 68, in standalone_compile
    working_dir=working_dir,
  File "/usr/local/lib/python3.6/dist-packages/crytic_compile/platform/solc_standard_json.py", line 176, in run_solc_standard_json
    raise InvalidCompilation(solc_exception_str)
crytic_compile.platform.exceptions.InvalidCompilation: Warning: @pooltogether/fixed-point/contracts/FixedPoint.sol: Warning: SPDX license identifier not provided in source file. Before publishing, consider adding a comment containing "SPDX-License-Identifier: <SPDX-License>" to each source file. Use "SPDX-License-Identifier: UNLICENSED" for non-open-source code. Please see https://spdx.org for more information.

Warning: @pooltogether/uniform-random-number/contracts/UniformRandomNumber.sol: Warning: SPDX license identifier not provided in source file. Before publishing, consider adding a comment containing "SPDX-License-Identifier: <SPDX-License>" to each source file. Use "SPDX-License-Identifier: UNLICENSED" for non-open-source code. Please see https://spdx.org for more information.

Warning: contracts/SortitionSumTreeFactory.sol: Warning: SPDX license identifier not provided in source file. Before publishing, consider adding a comment containing "SPDX-License-Identifier: <SPDX-License>" to each source file. Use "SPDX-License-Identifier: UNLICENSED" for non-open-source code. Please see https://spdx.org for more information.

Warning: contracts/external/openzeppelin/ProxyFactory.sol: Warning: SPDX license identifier not provided in source file. Before publishing, consider adding a comment containing "SPDX-License-Identifier: <SPDX-License>" to each source file. Use "SPDX-License-Identifier: UNLICENSED" for non-open-source code. Please see https://spdx.org for more information.

Warning: contracts/test/BeforeAwardListenerStub.sol: Warning: SPDX license identifier not provided in source file. Before publishing, consider adding a comment containing "SPDX-License-Identifier: <SPDX-License>" to each source file. Use "SPDX-License-Identifier: UNLICENSED" for non-open-source code. Please see https://spdx.org for more information.

Warning: contracts/test/CTokenMock.sol: Warning: SPDX license identifier not provided in source file. Before publishing, consider adding a comment containing "SPDX-License-Identifier: <SPDX-License>" to each source file. Use "SPDX-License-Identifier: UNLICENSED" for non-open-source code. Please see https://spdx.org for more information.

Warning: contracts/test/CompoundPrizePoolHarness.sol: Warning: SPDX license identifier not provided in source file. Before publishing, consider adding a comment containing "SPDX-License-Identifier: <SPDX-License>" to each source file. Use "SPDX-License-Identifier: UNLICENSED" for non-open-source code. Please see https://spdx.org for more information.

Warning: contracts/test/CompoundPrizePoolHarnessProxyFactory.sol: Warning: SPDX license identifier not provided in source file. Before publishing, consider adding a comment containing "SPDX-License-Identifier: <SPDX-License>" to each source file. Use "SPDX-License-Identifier: UNLICENSED" for non-open-source code. Please see https://spdx.org for more information.

Warning: contracts/test/ERC20Mintable.sol: Warning: SPDX license identifier not provided in source file. Before publishing, consider adding a comment containing "SPDX-License-Identifier: <SPDX-License>" to each source file. Use "SPDX-License-Identifier: UNLICENSED" for non-open-source code. Please see https://spdx.org for more information.

Warning: contracts/test/ERC721Mintable.sol: Warning: SPDX license identifier not provided in source file. Before publishing, consider adding a comment containing "SPDX-License-Identifier: <SPDX-License>" to each source file. Use "SPDX-License-Identifier: UNLICENSED" for non-open-source code. Please see https://spdx.org for more information.

Warning: contracts/test/ExtendedSafeCastExposed.sol: Warning: SPDX license identifier not provided in source file. Before publishing, consider adding a comment containing "SPDX-License-Identifier: <SPDX-License>" to each source file. Use "SPDX-License-Identifier: UNLICENSED" for non-open-source code. Please see https://spdx.org for more information.

Warning: contracts/test/MappedSinglyLinkedListExposed.sol: Warning: SPDX license identifier not provided in source file. Before publishing, consider adding a comment containing "SPDX-License-Identifier: <SPDX-License>" to each source file. Use "SPDX-License-Identifier: UNLICENSED" for non-open-source code. Please see https://spdx.org for more information.

Warning: contracts/test/NFT.sol: Warning: SPDX license identifier not provided in source file. Before publishing, consider adding a comment containing "SPDX-License-Identifier: <SPDX-License>" to each source file. Use "SPDX-License-Identifier: UNLICENSED" for non-open-source code. Please see https://spdx.org for more information.

Warning: contracts/test/PeriodicPrizeStrategyDistributorInterface.sol: Warning: SPDX license identifier not provided in source file. Before publishing, consider adding a comment containing "SPDX-License-Identifier: <SPDX-License>" to each source file. Use "SPDX-License-Identifier: UNLICENSED" for non-open-source code. Please see https://spdx.org for more information.

Warning: contracts/test/PeriodicPrizeStrategyHarness.sol: Warning: SPDX license identifier not provided in source file. Before publishing, consider adding a comment containing "SPDX-License-Identifier: <SPDX-License>" to each source file. Use "SPDX-License-Identifier: UNLICENSED" for non-open-source code. Please see https://spdx.org for more information.

Warning: contracts/test/PeriodicPrizeStrategyListenerStub.sol: Warning: SPDX license identifier not provided in source file. Before publishing, consider adding a comment containing "SPDX-License-Identifier: <SPDX-License>" to each source file. Use "SPDX-License-Identifier: UNLICENSED" for non-open-source code. Please see https://spdx.org for more information.

Warning: contracts/test/PrizePoolHarness.sol: Warning: SPDX license identifier not provided in source file. Before publishing, consider adding a comment containing "SPDX-License-Identifier: <SPDX-License>" to each source file. Use "SPDX-License-Identifier: UNLICENSED" for non-open-source code. Please see https://spdx.org for more information.

Warning: contracts/test/RNGServiceMock.sol: Warning: SPDX license identifier not provided in source file. Before publishing, consider adding a comment containing "SPDX-License-Identifier: <SPDX-License>" to each source file. Use "SPDX-License-Identifier: UNLICENSED" for non-open-source code. Please see https://spdx.org for more information.

Warning: contracts/test/StakePrizePoolHarness.sol: Warning: SPDX license identifier not provided in source file. Before publishing, consider adding a comment containing "SPDX-License-Identifier: <SPDX-License>" to each source file. Use "SPDX-License-Identifier: UNLICENSED" for non-open-source code. Please see https://spdx.org for more information.

Warning: contracts/test/StakePrizePoolHarnessProxyFactory.sol: Warning: SPDX license identifier not provided in source file. Before publishing, consider adding a comment containing "SPDX-License-Identifier: <SPDX-License>" to each source file. Use "SPDX-License-Identifier: UNLICENSED" for non-open-source code. Please see https://spdx.org for more information.

Warning: contracts/test/TokenFaucetHarness.sol: Warning: SPDX license identifier not provided in source file. Before publishing, consider adding a comment containing "SPDX-License-Identifier: <SPDX-License>" to each source file. Use "SPDX-License-Identifier: UNLICENSED" for non-open-source code. Please see https://spdx.org for more information.

Warning: contracts/test/YieldSourcePrizePoolHarness.sol: Warning: SPDX license identifier not provided in source file. Before publishing, consider adding a comment containing "SPDX-License-Identifier: <SPDX-License>" to each source file. Use "SPDX-License-Identifier: UNLICENSED" for non-open-source code. Please see https://spdx.org for more information.

Warning: contracts/test/YieldSourcePrizePoolHarnessProxyFactory.sol: Warning: SPDX license identifier not provided in source file. Before publishing, consider adding a comment containing "SPDX-License-Identifier: <SPDX-License>" to each source file. Use "SPDX-License-Identifier: UNLICENSED" for non-open-source code. Please see https://spdx.org for more information.

Warning: contracts/test/YieldSourceStub.sol: Warning: SPDX license identifier not provided in source file. Before publishing, consider adding a comment containing "SPDX-License-Identifier: <SPDX-License>" to each source file. Use "SPDX-License-Identifier: UNLICENSED" for non-open-source code. Please see https://spdx.org for more information.

ParserError: contracts/token/Ticket.sol:5:1: ParserError: Source "sortition-sum-tree-factory/contracts/SortitionSumTreeFactory.sol" not found: File not found.
import "sortition-sum-tree-factory/contracts/SortitionSumTreeFactory.sol";
^------------------------------------------------------------------------^

Warning: contracts/token/TokenListener.sol: Warning: SPDX license identifier not provided in source file. Before publishing, consider adding a comment containing "SPDX-License-Identifier: <SPDX-License>" to each source file. Use "SPDX-License-Identifier: UNLICENSED" for non-open-source code. Please see https://spdx.org for more information.

Warning: contracts/token/TokenListenerLibrary.sol: Warning: SPDX license identifier not provided in source file. Before publishing, consider adding a comment containing "SPDX-License-Identifier: <SPDX-License>" to each source file. Use "SPDX-License-Identifier: UNLICENSED" for non-open-source code. Please see https://spdx.org for more information.



